Release 14.7 - xst P.20131013 (lin64)
Copyright (c) 1995-2013 Xilinx, Inc.  All rights reserved.
--> 
Parameter TMPDIR set to xst/projnav.tmp


Total REAL time to Xst completion: 0.00 secs
Total CPU time to Xst completion: 0.06 secs
 
--> 
Parameter xsthdpdir set to xst


Total REAL time to Xst completion: 0.00 secs
Total CPU time to Xst completion: 0.06 secs
 
--> 
Reading design: led.prj

TABLE OF CONTENTS
  1) Synthesis Options Summary
  2) HDL Parsing
  3) HDL Elaboration
  4) HDL Synthesis
       4.1) HDL Synthesis Report
  5) Advanced HDL Synthesis
       5.1) Advanced HDL Synthesis Report
  6) Low Level Synthesis
  7) Partition Report
  8) Design Summary
       8.1) Primitive and Black Box Usage
       8.2) Device utilization summary
       8.3) Partition Resource Summary
       8.4) Timing Report
            8.4.1) Clock Information
            8.4.2) Asynchronous Control Signals Information
            8.4.3) Timing Summary
            8.4.4) Timing Details
            8.4.5) Cross Clock Domains Report


=========================================================================
*                      Synthesis Options Summary                        *
=========================================================================
---- Source Parameters
Input File Name                    : "led.prj"
Ignore Synthesis Constraint File   : NO

---- Target Parameters
Output File Name                   : "led"
Output Format                      : NGC
Target Device                      : xc6slx16-3-ftg256

---- Source Options
Top Module Name                    : led
Automatic FSM Extraction           : YES
FSM Encoding Algorithm             : Auto
Safe Implementation                : No
FSM Style                          : LUT
RAM Extraction                     : Yes
RAM Style                          : Auto
ROM Extraction                     : Yes
Shift Register Extraction          : YES
ROM Style                          : Auto
Resource Sharing                   : YES
Asynchronous To Synchronous        : NO
Shift Register Minimum Size        : 2
Use DSP Block                      : Auto
Automatic Register Balancing       : No

---- Target Options
LUT Combining                      : Auto
Reduce Control Sets                : Auto
Add IO Buffers                     : YES
Global Maximum Fanout              : 100000
Add Generic Clock Buffer(BUFG)     : 16
Register Duplication               : YES
Optimize Instantiated Primitives   : NO
Use Clock Enable                   : Auto
Use Synchronous Set                : Auto
Use Synchronous Reset              : Auto
Pack IO Registers into IOBs        : Auto
Equivalent register Removal        : YES

---- General Options
Optimization Goal                  : Speed
Optimization Effort                : 1
Power Reduction                    : NO
Keep Hierarchy                     : No
Netlist Hierarchy                  : As_Optimized
RTL Output                         : Yes
Global Optimization                : AllClockNets
Read Cores                         : YES
Write Timing Constraints           : NO
Cross Clock Analysis               : NO
Hierarchy Separator                : /
Bus Delimiter                      : <>
Case Specifier                     : Maintain
Slice Utilization Ratio            : 100
BRAM Utilization Ratio             : 100
DSP48 Utilization Ratio            : 100
Auto BRAM Packing                  : NO
Slice Utilization Ratio Delta      : 5

=========================================================================


=========================================================================
*                          HDL Parsing                                  *
=========================================================================
Analyzing Verilog file "/build/repo/gates/led-blink/xilinx/led-blink/led.v" into library work
Parsing module <led>.
WARNING:HDLCompiler:751 - "/build/repo/gates/led-blink/xilinx/led-blink/led.v" Line 25: Redeclaration of ansi port dout is not allowed

=========================================================================
*                            HDL Elaboration                            *
=========================================================================

Elaborating module <led>.
WARNING:HDLCompiler:91 - "/build/repo/gates/led-blink/xilinx/led-blink/led.v" Line 41: Signal <dout> missing in the sensitivity list is added for synthesis purposes. HDL and post-synthesis simulations may differ as a result.
WARNING:HDLCompiler:91 - "/build/repo/gates/led-blink/xilinx/led-blink/led.v" Line 45: Signal <dout> missing in the sensitivity list is added for synthesis purposes. HDL and post-synthesis simulations may differ as a result.

=========================================================================
*                           HDL Synthesis                               *
=========================================================================

Synthesizing Unit <led>.
    Related source file is "/build/repo/gates/led-blink/xilinx/led-blink/led.v".
    Found 1-bit register for signal <dout>.
    Found 32-bit register for signal <counter>.
    Found 32-bit adder for signal <counter[31]_GND_1_o_add_3_OUT> created at line 44.
    Found 32-bit comparator greater for signal <n0001> created at line 39
    Summary:
	inferred   1 Adder/Subtractor(s).
	inferred  33 D-type flip-flop(s).
	inferred   1 Comparator(s).
Unit <led> synthesized.

=========================================================================
HDL Synthesis Report

Macro Statistics
# Adders/Subtractors                                   : 1
 32-bit adder                                          : 1
# Registers                                            : 2
 1-bit register                                        : 1
 32-bit register                                       : 1
# Comparators                                          : 1
 32-bit comparator greater                             : 1

=========================================================================

=========================================================================
*                       Advanced HDL Synthesis                          *
=========================================================================


Synthesizing (advanced) Unit <led>.
The following registers are absorbed into counter <counter>: 1 register on signal <counter>.
Unit <led> synthesized (advanced).

=========================================================================
Advanced HDL Synthesis Report

Macro Statistics
# Counters                                             : 1
 32-bit up counter                                     : 1
# Registers                                            : 1
 Flip-Flops                                            : 1
# Comparators                                          : 1
 32-bit comparator greater                             : 1

=========================================================================

=========================================================================
*                         Low Level Synthesis                           *
=========================================================================

Optimizing unit <led> ...
WARNING:Xst:1710 - FF/Latch <counter_17> (without init value) has a constant value of 0 in block <led>. This FF/Latch will be trimmed during the optimization process.
WARNING:Xst:1895 - Due to other FF/Latch trimming, FF/Latch <counter_18> (without init value) has a constant value of 0 in block <led>. This FF/Latch will be trimmed during the optimization process.
WARNING:Xst:1895 - Due to other FF/Latch trimming, FF/Latch <counter_19> (without init value) has a constant value of 0 in block <led>. This FF/Latch will be trimmed during the optimization process.
WARNING:Xst:1895 - Due to other FF/Latch trimming, FF/Latch <counter_20> (without init value) has a constant value of 0 in block <led>. This FF/Latch will be trimmed during the optimization process.
WARNING:Xst:1895 - Due to other FF/Latch trimming, FF/Latch <counter_21> (without init value) has a constant value of 0 in block <led>. This FF/Latch will be trimmed during the optimization process.
WARNING:Xst:1895 - Due to other FF/Latch trimming, FF/Latch <counter_22> (without init value) has a constant value of 0 in block <led>. This FF/Latch will be trimmed during the optimization process.
WARNING:Xst:1895 - Due to other FF/Latch trimming, FF/Latch <counter_23> (without init value) has a constant value of 0 in block <led>. This FF/Latch will be trimmed during the optimization process.
WARNING:Xst:1895 - Due to other FF/Latch trimming, FF/Latch <counter_24> (without init value) has a constant value of 0 in block <led>. This FF/Latch will be trimmed during the optimization process.
WARNING:Xst:1895 - Due to other FF/Latch trimming, FF/Latch <counter_25> (without init value) has a constant value of 0 in block <led>. This FF/Latch will be trimmed during the optimization process.
WARNING:Xst:1895 - Due to other FF/Latch trimming, FF/Latch <counter_26> (without init value) has a constant value of 0 in block <led>. This FF/Latch will be trimmed during the optimization process.
WARNING:Xst:1895 - Due to other FF/Latch trimming, FF/Latch <counter_27> (without init value) has a constant value of 0 in block <led>. This FF/Latch will be trimmed during the optimization process.
WARNING:Xst:1895 - Due to other FF/Latch trimming, FF/Latch <counter_28> (without init value) has a constant value of 0 in block <led>. This FF/Latch will be trimmed during the optimization process.
WARNING:Xst:1895 - Due to other FF/Latch trimming, FF/Latch <counter_29> (without init value) has a constant value of 0 in block <led>. This FF/Latch will be trimmed during the optimization process.
WARNING:Xst:1895 - Due to other FF/Latch trimming, FF/Latch <counter_30> (without init value) has a constant value of 0 in block <led>. This FF/Latch will be trimmed during the optimization process.
WARNING:Xst:1895 - Due to other FF/Latch trimming, FF/Latch <counter_31> (without init value) has a constant value of 0 in block <led>. This FF/Latch will be trimmed during the optimization process.

Mapping all equations...
Building and optimizing final netlist ...
Found area constraint ratio of 100 (+ 5) on block led, actual ratio is 0.

Final Macro Processing ...

=========================================================================
Final Register Report

Macro Statistics
# Registers                                            : 18
 Flip-Flops                                            : 18

=========================================================================

=========================================================================
*                           Partition Report                            *
=========================================================================

Partition Implementation Status
-------------------------------

  No Partitions were found in this design.

-------------------------------

=========================================================================
*                            Design Summary                             *
=========================================================================

Top Level Output File Name         : led.ngc

Primitive and Black Box Usage:
------------------------------
# BELS                             : 81
#      GND                         : 1
#      INV                         : 2
#      LUT1                        : 16
#      LUT2                        : 18
#      LUT4                        : 2
#      LUT5                        : 2
#      MUXCY                       : 22
#      VCC                         : 1
#      XORCY                       : 17
# FlipFlops/Latches                : 18
#      FD                          : 17
#      FDE                         : 1
# Clock Buffers                    : 1
#      BUFGP                       : 1
# IO Buffers                       : 1
#      OBUF                        : 1

Device utilization summary:
---------------------------

Selected Device : 6slx16ftg256-3 


Slice Logic Utilization: 
 Number of Slice Registers:              18  out of  18224     0%  
 Number of Slice LUTs:                   40  out of   9112     0%  
    Number used as Logic:                40  out of   9112     0%  

Slice Logic Distribution: 
 Number of LUT Flip Flop pairs used:     40
   Number with an unused Flip Flop:      22  out of     40    55%  
   Number with an unused LUT:             0  out of     40     0%  
   Number of fully used LUT-FF pairs:    18  out of     40    45%  
   Number of unique control sets:         2

IO Utilization: 
 Number of IOs:                           2
 Number of bonded IOBs:                   2  out of    186     1%  

Specific Feature Utilization:
 Number of BUFG/BUFGCTRLs:                1  out of     16     6%  

---------------------------
Partition Resource Summary:
---------------------------

  No Partitions were found in this design.

---------------------------


=========================================================================
Timing Report

NOTE: THESE TIMING NUMBERS ARE ONLY A SYNTHESIS ESTIMATE.
      FOR ACCURATE TIMING INFORMATION PLEASE REFER TO THE TRACE REPORT
      GENERATED AFTER PLACE-and-ROUTE.

Clock Information:
------------------
-----------------------------------+------------------------+-------+
Clock Signal                       | Clock buffer(FF name)  | Load  |
-----------------------------------+------------------------+-------+
clk                                | BUFGP                  | 18    |
-----------------------------------+------------------------+-------+

Asynchronous Control Signals Information:
----------------------------------------
No asynchronous control signals found in this design

Timing Summary:
---------------
Speed Grade: -3

   Minimum period: 3.522ns (Maximum Frequency: 283.917MHz)
   Minimum input arrival time before clock: No path found
   Maximum output required time after clock: 3.634ns
   Maximum combinational path delay: No path found

Timing Details:
---------------
All values displayed in nanoseconds (ns)

=========================================================================
Timing constraint: Default period analysis for Clock 'clk'
  Clock period: 3.522ns (frequency: 283.917MHz)
  Total number of paths / destination ports: 514 / 19
-------------------------------------------------------------------------
Delay:               3.522ns (Levels of Logic = 7)
  Source:            counter_9 (FF)
  Destination:       dout (FF)
  Source Clock:      clk rising
  Destination Clock: clk rising

  Data Path: counter_9 to dout
                                Gate     Net
    Cell:in->out      fanout   Delay   Delay  Logical Name (Net Name)
    ----------------------------------------  ------------
     FD:C->Q               3   0.447   0.995  counter_9 (counter_9)
     LUT5:I0->O            1   0.203   0.000  Mcompar_n0001_lut<0> (Mcompar_n0001_lut<0>)
     MUXCY:S->O            1   0.172   0.000  Mcompar_n0001_cy<0> (Mcompar_n0001_cy<0>)
     MUXCY:CI->O           1   0.019   0.000  Mcompar_n0001_cy<1> (Mcompar_n0001_cy<1>)
     MUXCY:CI->O           1   0.019   0.000  Mcompar_n0001_cy<2> (Mcompar_n0001_cy<2>)
     MUXCY:CI->O           1   0.019   0.000  Mcompar_n0001_cy<3> (Mcompar_n0001_cy<3>)
     MUXCY:CI->O           1   0.019   0.000  Mcompar_n0001_cy<4> (Mcompar_n0001_cy<4>)
     MUXCY:CI->O          18   0.258   1.049  Mcompar_n0001_cy<5> (Mcompar_n0001_cy<5>)
     FDE:CE                    0.322          dout
    ----------------------------------------
    Total                      3.522ns (1.478ns logic, 2.044ns route)
                                       (42.0% logic, 58.0% route)

=========================================================================
Timing constraint: Default OFFSET OUT AFTER for Clock 'clk'
  Total number of paths / destination ports: 1 / 1
-------------------------------------------------------------------------
Offset:              3.634ns (Levels of Logic = 1)
  Source:            dout (FF)
  Destination:       dout (PAD)
  Source Clock:      clk rising

  Data Path: dout to dout
                                Gate     Net
    Cell:in->out      fanout   Delay   Delay  Logical Name (Net Name)
    ----------------------------------------  ------------
     FDE:C->Q              2   0.447   0.616  dout (dout_OBUF)
     OBUF:I->O                 2.571          dout_OBUF (dout)
    ----------------------------------------
    Total                      3.634ns (3.018ns logic, 0.616ns route)
                                       (83.0% logic, 17.0% route)

=========================================================================

Cross Clock Domains Report:
--------------------------

Clock to Setup on destination clock clk
---------------+---------+---------+---------+---------+
               | Src:Rise| Src:Fall| Src:Rise| Src:Fall|
Source Clock   |Dest:Rise|Dest:Rise|Dest:Fall|Dest:Fall|
---------------+---------+---------+---------+---------+
clk            |    3.522|         |         |         |
---------------+---------+---------+---------+---------+

=========================================================================


Total REAL time to Xst completion: 8.00 secs
Total CPU time to Xst completion: 5.99 secs
 
--> 


Total memory usage is 376036 kilobytes

Number of errors   :    0 (   0 filtered)
Number of warnings :   18 (   0 filtered)
Number of infos    :    0 (   0 filtered)

